srun: Job step aborted: Waiting up to 62 seconds for job step to finish.
slurmstepd: error: *** JOB 6482750 ON l20322 CANCELLED AT 2023-08-14T15:56:50 ***
 0: slurmstepd: error: *** STEP 6482750.0 ON l20322 CANCELLED AT 2023-08-14T15:56:50 ***
40: forrtl: error (78): process killed (SIGTERM)
40: Image              PC                Routine            Line        Source             
40: ElmerSolver_mpi    000000000042365C  for__signal_handl     Unknown  Unknown
40: libpthread-2.28.s  00007FFFEF513CE0  Unknown               Unknown  Unknown
40: libc-2.28.so       00007FFFEAFABA07  epoll_wait            Unknown  Unknown
40: libucs.so.0.0.0    00007FFE4E5C5879  ucs_event_set_wai     Unknown  Unknown
40: libucs.so.0.0.0    00007FFE4E5AAED4  Unknown               Unknown  Unknown
40: libpthread-2.28.s  00007FFFEF5091CF  Unknown               Unknown  Unknown
40: libc-2.28.so       00007FFFEAEB5DD3  clone                 Unknown  Unknown
74: forrtl: error (78): process killed (SIGTERM)
74: Image              PC                Routine            Line        Source             
74: ElmerSolver_mpi    000000000042365C  for__signal_handl     Unknown  Unknown
74: libpthread-2.28.s  00007FFFEF513CE0  Unknown               Unknown  Unknown
74: libc-2.28.so       00007FFFEAFABA07  epoll_wait            Unknown  Unknown
74: libucs.so.0.0.0    00007FFE4E5C5879  ucs_event_set_wai     Unknown  Unknown
74: libucs.so.0.0.0    00007FFE4E5AAED4  Unknown               Unknown  Unknown
74: libpthread-2.28.s  00007FFFEF5091CF  Unknown               Unknown  Unknown
74: libc-2.28.so       00007FFFEAEB5DD3  clone                 Unknown  Unknown
